<?xml version="1.0" encoding="UTF-8"?>
<testsuite xmlns:xsi="http://www.w3.org/2001/XMLSchema-instance" xsi:noNamespaceSchemaLocation="https://maven.apache.org/surefire/maven-surefire-plugin/xsd/surefire-test-report.xsd" name="com.project.staragile.banking.TestAccountService" time="6.95" tests="1" errors="0" skipped="0" failures="1">
  <properties>
[...]
</properties>
  <testcase name="testAccountRegistraiton" classname="com.project.staragile.banking.TestAccountService" time="0.231">
    <failure message="expected: &lt;Praveen&gt; but was: &lt;Shubham&gt;" type="org.opentest4j.AssertionFailedError"><![CDATA[org.opentest4j.AssertionFailedError: expected: <Praveen> but was: <Shubham>
	at com.project.staragile.banking.TestAccountService.testAccountRegistraiton(TestAccountService.java:19)
]]></failure>
    <system-out><![CDATA[18:32:53.060 [main] DEBUG org.springframework.test.context.BootstrapUtils - Instantiating CacheAwareContextLoaderDelegate from class [org.springframework.test.context.cache.DefaultCacheAwareContextLoaderDelegate]
18:32:53.068 [main] DEBUG org.springframework.test.context.BootstrapUtils - Instantiating BootstrapContext using constructor [public org.springframework.test.context.support.DefaultBootstrapContext(java.lang.Class,org.springframework.test.context.CacheAwareContextLoaderDelegate)]
18:32:53.099 [main] DEBUG org.springframework.test.context.BootstrapUtils - Instantiating TestContextBootstrapper for test class [com.project.staragile.banking.TestAccountService] from class [org.springframework.boot.test.context.SpringBootTestContextBootstrapper]
18:32:53.113 [main] INFO org.springframework.boot.test.context.SpringBootTestContextBootstrapper - Neither @ContextConfiguration nor @ContextHierarchy found for test class [com.project.staragile.banking.TestAccountService], using SpringBootContextLoader
18:32:53.118 [main] DEBUG org.springframework.test.context.support.AbstractContextLoader - Did not detect default resource location for test class [com.project.staragile.banking.TestAccountService]: class path resource [com/project/staragile/banking/TestAccountService-context.xml] does not exist
18:32:53.119 [main] DEBUG org.springframework.test.context.support.AbstractContextLoader - Did not detect default resource location for test class [com.project.staragile.banking.TestAccountService]: class path resource [com/project/staragile/banking/TestAccountServiceContext.groovy] does not exist
18:32:53.120 [main] INFO org.springframework.test.context.support.AbstractContextLoader - Could not detect default resource locations for test class [com.project.staragile.banking.TestAccountService]: no resource found for suffixes {-context.xml, Context.groovy}.
18:32:53.120 [main] INFO org.springframework.test.context.support.AnnotationConfigContextLoaderUtils - Could not detect default configuration classes for test class [com.project.staragile.banking.TestAccountService]: TestAccountService does not declare any static, non-private, non-final, nested classes annotated with @Configuration.
18:32:53.163 [main] DEBUG org.springframework.test.context.support.ActiveProfilesUtils - Could not find an 'annotation declaring class' for annotation type [org.springframework.test.context.ActiveProfiles] and class [com.project.staragile.banking.TestAccountService]
18:32:53.229 [main] DEBUG org.springframework.context.annotation.ClassPathScanningCandidateComponentProvider - Identified candidate component class: file [/home/praveen/devops-training/banking-finace-project/target/classes/com/project/staragile/banking/BankingApplication.class]
18:32:53.230 [main] INFO org.springframework.boot.test.context.SpringBootTestContextBootstrapper - Found @SpringBootConfiguration com.project.staragile.banking.BankingApplication for test class com.project.staragile.banking.TestAccountService
18:32:53.331 [main] DEBUG org.springframework.boot.test.context.SpringBootTestContextBootstrapper - @TestExecutionListeners is not present for class [com.project.staragile.banking.TestAccountService]: using defaults.
18:32:53.332 [main] INFO org.springframework.boot.test.context.SpringBootTestContextBootstrapper - Loaded default TestExecutionListener class names from location [META-INF/spring.factories]: [org.springframework.boot.test.mock.mockito.MockitoTestExecutionListener, org.springframework.boot.test.mock.mockito.ResetMocksTestExecutionListener, org.springframework.boot.test.autoconfigure.restdocs.RestDocsTestExecutionListener, org.springframework.boot.test.autoconfigure.web.client.MockRestServiceServerResetTestExecutionListener, org.springframework.boot.test.autoconfigure.web.servlet.MockMvcPrintOnlyOnFailureTestExecutionListener, org.springframework.boot.test.autoconfigure.web.servlet.WebDriverTestExecutionListener, org.springframework.boot.test.autoconfigure.webservices.client.MockWebServiceServerTestExecutionListener, org.springframework.test.context.web.ServletTestExecutionListener, org.springframework.test.context.support.DirtiesContextBeforeModesTestExecutionListener, org.springframework.test.context.event.ApplicationEventsTestExecutionListener, org.springframework.test.context.support.DependencyInjectionTestExecutionListener, org.springframework.test.context.support.DirtiesContextTestExecutionListener, org.springframework.test.context.transaction.TransactionalTestExecutionListener, org.springframework.test.context.jdbc.SqlScriptsTestExecutionListener, org.springframework.test.context.event.EventPublishingTestExecutionListener]
18:32:53.345 [main] INFO org.springframework.boot.test.context.SpringBootTestContextBootstrapper - Using TestExecutionListeners: [org.springframework.test.context.web.ServletTestExecutionListener@3406472c, org.springframework.test.context.support.DirtiesContextBeforeModesTestExecutionListener@5717c37, org.springframework.test.context.event.ApplicationEventsTestExecutionListener@68f4865, org.springframework.boot.test.mock.mockito.MockitoTestExecutionListener@4816278d, org.springframework.boot.test.autoconfigure.SpringBootDependencyInjectionTestExecutionListener@4eaf3684, org.springframework.test.context.support.DirtiesContextTestExecutionListener@40317ba2, org.springframework.test.context.transaction.TransactionalTestExecutionListener@3c01cfa1, org.springframework.test.context.jdbc.SqlScriptsTestExecutionListener@45d2ade3, org.springframework.test.context.event.EventPublishingTestExecutionListener@727eb8cb, org.springframework.boot.test.mock.mockito.ResetMocksTestExecutionListener@39d9314d, org.springframework.boot.test.autoconfigure.restdocs.RestDocsTestExecutionListener@b978d10, org.springframework.boot.test.autoconfigure.web.client.MockRestServiceServerResetTestExecutionListener@5b7a8434, org.springframework.boot.test.autoconfigure.web.servlet.MockMvcPrintOnlyOnFailureTestExecutionListener@5c45d770, org.springframework.boot.test.autoconfigure.web.servlet.WebDriverTestExecutionListener@2ce6c6ec, org.springframework.boot.test.autoconfigure.webservices.client.MockWebServiceServerTestExecutionListener@1bae316d]
18:32:53.347 [main] DEBUG org.springframework.test.context.support.AbstractDirtiesContextTestExecutionListener - Before test class: context [DefaultTestContext@9573584 testClass = TestAccountService, testInstance = [null], testMethod = [null], testException = [null], mergedContextConfiguration = [WebMergedContextConfiguration@3370f42 testClass = TestAccountService, locations = '{}', classes = '{class com.project.staragile.banking.BankingApplication}', contextInitializerClasses = '[]', activeProfiles = '{}', propertySourceLocations = '{}', propertySourceProperties = '{org.springframework.boot.test.context.SpringBootTestContextBootstrapper=true}', contextCustomizers = set[org.springframework.boot.test.context.filter.ExcludeFilterContextCustomizer@175b9425, org.springframework.boot.test.json.DuplicateJsonObjectContextCustomizerFactory$DuplicateJsonObjectContextCustomizer@57250572, org.springframework.boot.test.mock.mockito.MockitoContextCustomizer@0, org.springframework.boot.test.web.client.TestRestTemplateContextCustomizer@f2ff811, org.springframework.boot.test.autoconfigure.actuate.metrics.MetricsExportContextCustomizerFactory$DisableMetricExportContextCustomizer@574b560f, org.springframework.boot.test.autoconfigure.properties.PropertyMappingContextCustomizer@0, org.springframework.boot.test.autoconfigure.web.servlet.WebDriverContextCustomizerFactory$Customizer@61d6015a, org.springframework.boot.test.context.SpringBootTestArgs@1, org.springframework.boot.test.context.SpringBootTestWebEnvironment@31610302], resourceBasePath = 'src/main/webapp', contextLoader = 'org.springframework.boot.test.context.SpringBootContextLoader', parent = [null]], attributes = map['org.springframework.test.context.web.ServletTestExecutionListener.activateListener' -> true]], class annotated with @DirtiesContext [false] with mode [null].

  .   ____          _            __ _ _
 /\\ / ___'_ __ _ _(_)_ __  __ _ \ \ \ \
( ( )\___ | '_ | '_| | '_ \/ _` | \ \ \ \
 \\/  ___)| |_)| | | | | || (_| |  ) ) ) )
  '  |____| .__|_| |_|_| |_\__, | / / / /
 =========|_|==============|___/=/_/_/_/
 :: Spring Boot ::                (v2.7.4)

2023-05-13 18:32:53.747  INFO 124613 --- [           main] c.p.s.banking.TestAccountService         : Starting TestAccountService using Java 17.0.6 on sirvi with PID 124613 (started by praveen in /home/praveen/devops-training/banking-finace-project)
2023-05-13 18:32:53.749  INFO 124613 --- [           main] c.p.s.banking.TestAccountService         : No active profile set, falling back to 1 default profile: "default"
2023-05-13 18:32:54.785  INFO 124613 --- [           main] .s.d.r.c.RepositoryConfigurationDelegate : Bootstrapping Spring Data JPA repositories in DEFAULT mode.
2023-05-13 18:32:54.829  INFO 124613 --- [           main] .s.d.r.c.RepositoryConfigurationDelegate : Finished Spring Data repository scanning in 37 ms. Found 1 JPA repository interfaces.
2023-05-13 18:32:55.290  INFO 124613 --- [           main] com.zaxxer.hikari.HikariDataSource       : HikariPool-1 - Starting...
2023-05-13 18:32:55.453  INFO 124613 --- [           main] com.zaxxer.hikari.HikariDataSource       : HikariPool-1 - Start completed.
2023-05-13 18:32:55.810  INFO 124613 --- [           main] o.hibernate.jpa.internal.util.LogHelper  : HHH000204: Processing PersistenceUnitInfo [name: default]
2023-05-13 18:32:55.854  INFO 124613 --- [           main] org.hibernate.Version                    : HHH000412: Hibernate ORM core version 5.6.11.Final
2023-05-13 18:32:55.980  INFO 124613 --- [           main] o.hibernate.annotations.common.Version   : HCANN000001: Hibernate Commons Annotations {5.1.2.Final}
2023-05-13 18:32:56.087  INFO 124613 --- [           main] org.hibernate.dialect.Dialect            : HHH000400: Using dialect: org.hibernate.dialect.H2Dialect
2023-05-13 18:32:56.444  INFO 124613 --- [           main] o.h.e.t.j.p.i.JtaPlatformInitiator       : HHH000490: Using JtaPlatform implementation: [org.hibernate.engine.transaction.jta.platform.internal.NoJtaPlatform]
2023-05-13 18:32:56.449  INFO 124613 --- [           main] j.LocalContainerEntityManagerFactoryBean : Initialized JPA EntityManagerFactory for persistence unit 'default'
2023-05-13 18:32:57.593  WARN 124613 --- [           main] JpaBaseConfiguration$JpaWebConfiguration : spring.jpa.open-in-view is enabled by default. Therefore, database queries may be performed during view rendering. Explicitly configure spring.jpa.open-in-view to disable this warning
2023-05-13 18:32:57.758  INFO 124613 --- [           main] o.s.b.a.w.s.WelcomePageHandlerMapping    : Adding welcome page: class path resource [static/index.html]
2023-05-13 18:32:58.725  INFO 124613 --- [           main] c.p.s.banking.TestAccountService         : Started TestAccountService in 5.293 seconds (JVM running for 7.841)
]]></system-out>
  </testcase>
</testsuite>